<?xml version="1.0" encoding="UTF-8"?>
<!-- Generated by org.testng.reporters.JUnitReportReporter -->
<testsuite name="selenium.sandbox.App" tests="1" time="4.200" ignored="0" failures="0" timestamp="01 Nov 2021 20:08:24 GMT" skipped="0" hostname="WORKAERO" errors="0">
  <testcase name="testGoogleSearch" time="4.200" classname="selenium.sandbox.App"/>
</testsuite> <!-- selenium.sandbox.App -->
